2019-08-02 11:20:58,655 - demo - INFO - info
2019-08-02 11:20:58,656 - demo - WARNING - warning
2019-08-02 11:22:03,879 - demo - INFO - info
2019-08-02 11:22:03,879 - demo - WARNING - warning
2019-08-02 11:22:29,102 - demo - INFO - info
2019-08-02 11:22:29,102 - demo - WARNING - warning
2019-08-02 11:23:35,554 - demo - INFO - info
2019-08-02 11:23:35,554 - demo - WARNING - warning
2019-08-02 11:23:35,554 - demo - CRITICAL - critical
2019-08-02 11:23:44,665 - demo - INFO - info
2019-08-02 11:23:44,666 - demo - DEBUG - debug
2019-08-02 11:23:44,666 - demo - DEBUG - 123
2019-08-02 11:23:44,666 - demo - WARNING - warning
2019-08-02 11:23:44,666 - demo - CRITICAL - critical
2019-08-02 11:24:26,710 - demo - INFO - info
2019-08-02 11:24:26,710 - demo - DEBUG - debug
2019-08-02 11:24:26,710 - demo - DEBUG - 123
2019-08-02 11:24:26,710 - demo - WARNING - warning
2019-08-02 11:24:26,710 - demo - CRITICAL - critical
2019-08-02 11:24:32,541 - demo - INFO - info
2019-08-02 11:24:32,542 - demo - DEBUG - debug
2019-08-02 11:24:32,542 - demo - DEBUG - 123
2019-08-02 11:24:32,542 - demo - WARNING - warning
2019-08-02 11:24:32,543 - demo - CRITICAL - critical
2019-08-02 11:25:03,608 - demo - INFO - info
2019-08-02 11:25:03,608 - demo - DEBUG - debug
2019-08-02 11:25:03,608 - demo - DEBUG - 123
2019-08-02 11:25:03,609 - demo - WARNING - warning
2019-08-02 11:25:03,609 - demo - CRITICAL - critical
2019-08-02 11:27:14,383 - demo - INFO - info
2019-08-02 11:27:14,707 - demo - DEBUG - debug
2019-08-02 11:27:14,886 - demo - DEBUG - 123
2019-08-02 11:27:16,568 - demo - WARNING - warning
2019-08-02 11:27:18,061 - demo - CRITICAL - critical
2019-08-02 12:24:58,037 - demo - INFO - info
2019-08-02 12:24:58,039 - demo - DEBUG - debug
2019-08-02 12:24:58,039 - demo - DEBUG - 123
2019-08-02 12:24:58,039 - demo - WARNING - warning
2019-08-02 12:24:58,040 - demo - CRITICAL - critical
2019-08-02 12:26:00,442 - demo - INFO - info
2019-08-02 12:26:00,443 - demo - DEBUG - debug
2019-08-02 12:26:00,443 - demo - DEBUG - 123
2019-08-02 12:26:00,443 - demo - WARNING - warning
2019-08-02 12:26:00,443 - demo - CRITICAL - critical
2019-08-02 12:26:00,443 - demo - ERROR - critical
